<?xml version="1.0" encoding="UTF-8"?>
<robot generator="Robot 4.1.2 (Python 3.10.0 on win32)" generated="20211104 20:40:37.864" rpa="false" schemaversion="2">
<suite id="s1" name="Tests" source="C:\Users\graci\OneDrive\Documentos\UDEMY\Robot\DesafioSuiteTestePratice\tests">
<suite id="s1-s1" name="TestPracticeBDD" source="C:\Users\graci\OneDrive\Documentos\UDEMY\Robot\DesafioSuiteTestePratice\tests\TestPracticeBDD.robot">
<test id="s1-s1-t1" name="Cenario 03: Listar Produtos">
<kw name="Abrir navegador" library="Resources" type="SETUP">
<kw name="Open Browser" library="SeleniumLibrary">
<arg>about:blank</arg>
<arg>${BROWSER}</arg>
<doc>Opens a new browser instance to the optional ``url``.</doc>
<msg timestamp="20211104 20:40:38.162" level="INFO">Opening browser 'chrome' to base url 'about:blank'.</msg>
<status status="PASS" starttime="20211104 20:40:38.161" endtime="20211104 20:40:39.582"/>
</kw>
<status status="PASS" starttime="20211104 20:40:38.161" endtime="20211104 20:40:39.582"/>
</kw>
<kw name="Dado que estou na pagina home do site" library="Resources">
<kw name="Go To" library="SeleniumLibrary">
<arg>${URL}</arg>
<doc>Navigates the current browser window to the provided ``url``.</doc>
<msg timestamp="20211104 20:40:39.583" level="INFO">Opening url 'http://automationpractice.com/index.php'</msg>
<status status="PASS" starttime="20211104 20:40:39.583" endtime="20211104 20:40:43.641"/>
</kw>
<kw name="Title Should Be" library="SeleniumLibrary">
<arg>My Store</arg>
<doc>Verifies that the current page title equals ``title``.</doc>
<msg timestamp="20211104 20:40:43.648" level="INFO">Page title is 'My Store'.</msg>
<status status="PASS" starttime="20211104 20:40:43.641" endtime="20211104 20:40:43.648"/>
</kw>
<status status="PASS" starttime="20211104 20:40:39.583" endtime="20211104 20:40:43.648"/>
</kw>
<kw name="Quando acessar a categoria &quot;Women&quot;" library="Resources" sourcename="Quando acessar a categoria &quot;${CATEGORIA}&quot;">
<kw name="Wait Until Element Is Visible" library="SeleniumLibrary">
<arg>xpath=//*[@id="block_top_menu"]//a[@title="${CATEGORIA}"]</arg>
<doc>Waits until the element ``locator`` is visible.</doc>
<status status="PASS" starttime="20211104 20:40:43.649" endtime="20211104 20:40:43.678"/>
</kw>
<kw name="Mouse Over" library="SeleniumLibrary">
<arg>xpath=//*[@id="block_top_menu"]//a[@title="${CATEGORIA}"]</arg>
<doc>Simulates hovering the mouse over the element ``locator``.</doc>
<msg timestamp="20211104 20:40:43.678" level="INFO">Simulating Mouse Over on element 'xpath=//*[@id="block_top_menu"]//a[@title="Women"]'.</msg>
<status status="PASS" starttime="20211104 20:40:43.678" endtime="20211104 20:40:43.969"/>
</kw>
<status status="PASS" starttime="20211104 20:40:43.649" endtime="20211104 20:40:43.969"/>
</kw>
<kw name="E consultar a sub-categoria &quot;Summer Dresses&quot;" library="Resources" sourcename="E consultar a sub-categoria &quot;${SUBCATEGORIA}&quot;">
<kw name="Wait Until Element Is Visible" library="SeleniumLibrary">
<arg>xpath=//*[@id="block_top_menu"]//a[@title="${SUBCATEGORIA}"]</arg>
<doc>Waits until the element ``locator`` is visible.</doc>
<status status="PASS" starttime="20211104 20:40:43.970" endtime="20211104 20:40:43.999"/>
</kw>
<kw name="Click Element" library="SeleniumLibrary">
<arg>xpath=//*[@id="block_top_menu"]//a[@title="${SUBCATEGORIA}"]</arg>
<doc>Click the element identified by ``locator``.</doc>
<msg timestamp="20211104 20:40:43.999" level="INFO">Clicking element 'xpath=//*[@id="block_top_menu"]//a[@title="Summer Dresses"]'.</msg>
<status status="PASS" starttime="20211104 20:40:43.999" endtime="20211104 20:40:45.933"/>
</kw>
<status status="PASS" starttime="20211104 20:40:43.970" endtime="20211104 20:40:45.934"/>
</kw>
<kw name="Então a pagina deve exibir os produtos da sub-categoria &quot;Summer Dresses&quot;" library="Resources" sourcename="Então a pagina deve exibir os produtos da sub-categoria &quot;${SUBCATEGORIA}&quot;">
<kw name="Wait Until Element Is Visible" library="SeleniumLibrary">
<arg>xpath=//span[@class="cat-name"]</arg>
<doc>Waits until the element ``locator`` is visible.</doc>
<status status="PASS" starttime="20211104 20:40:45.935" endtime="20211104 20:40:45.963"/>
</kw>
<kw name="Wait Until Element Is Visible" library="SeleniumLibrary">
<arg>xpath=//span[@class="heading-counter"]</arg>
<doc>Waits until the element ``locator`` is visible.</doc>
<status status="PASS" starttime="20211104 20:40:45.964" endtime="20211104 20:40:45.983"/>
</kw>
<status status="PASS" starttime="20211104 20:40:45.934" endtime="20211104 20:40:45.983"/>
</kw>
<kw name="Fechar navegador" library="Resources" type="TEARDOWN">
<kw name="Close Browser" library="SeleniumLibrary">
<doc>Closes the current browser.</doc>
<status status="PASS" starttime="20211104 20:40:45.985" endtime="20211104 20:40:48.155"/>
</kw>
<status status="PASS" starttime="20211104 20:40:45.984" endtime="20211104 20:40:48.155"/>
</kw>
<status status="PASS" starttime="20211104 20:40:38.160" endtime="20211104 20:40:48.156"/>
</test>
<test id="s1-s1-t2" name="Cenario 04: Adicionar Produtos no Carrinho">
<kw name="Abrir navegador" library="Resources" type="SETUP">
<kw name="Open Browser" library="SeleniumLibrary">
<arg>about:blank</arg>
<arg>${BROWSER}</arg>
<doc>Opens a new browser instance to the optional ``url``.</doc>
<msg timestamp="20211104 20:40:48.159" level="INFO">Opening browser 'chrome' to base url 'about:blank'.</msg>
<status status="PASS" starttime="20211104 20:40:48.159" endtime="20211104 20:40:49.709"/>
</kw>
<status status="PASS" starttime="20211104 20:40:48.158" endtime="20211104 20:40:49.709"/>
</kw>
<kw name="Dado que estou na pagina home do site" library="Resources">
<kw name="Go To" library="SeleniumLibrary">
<arg>${URL}</arg>
<doc>Navigates the current browser window to the provided ``url``.</doc>
<msg timestamp="20211104 20:40:49.711" level="INFO">Opening url 'http://automationpractice.com/index.php'</msg>
<status status="PASS" starttime="20211104 20:40:49.711" endtime="20211104 20:40:54.101"/>
</kw>
<kw name="Title Should Be" library="SeleniumLibrary">
<arg>My Store</arg>
<doc>Verifies that the current page title equals ``title``.</doc>
<msg timestamp="20211104 20:40:54.106" level="INFO">Page title is 'My Store'.</msg>
<status status="PASS" starttime="20211104 20:40:54.101" endtime="20211104 20:40:54.106"/>
</kw>
<status status="PASS" starttime="20211104 20:40:49.710" endtime="20211104 20:40:54.106"/>
</kw>
<kw name="Quando pesquisar pelo produto &quot;t-shirt&quot;" library="Resources" sourcename="Quando pesquisar pelo produto &quot;${PRODUTO}&quot;">
<kw name="Input Text" library="SeleniumLibrary">
<arg>name=search_query</arg>
<arg>${PRODUTO}</arg>
<doc>Types the given ``text`` into the text field identified by ``locator``.</doc>
<msg timestamp="20211104 20:40:54.108" level="INFO">Typing text 't-shirt' into text field 'name=search_query'.</msg>
<status status="PASS" starttime="20211104 20:40:54.107" endtime="20211104 20:40:54.199"/>
</kw>
<kw name="Click Element" library="SeleniumLibrary">
<arg>name=submit_search</arg>
<doc>Click the element identified by ``locator``.</doc>
<msg timestamp="20211104 20:40:54.199" level="INFO">Clicking element 'name=submit_search'.</msg>
<status status="PASS" starttime="20211104 20:40:54.199" endtime="20211104 20:40:55.468"/>
</kw>
<status status="PASS" starttime="20211104 20:40:54.107" endtime="20211104 20:40:55.468"/>
</kw>
<kw name="E adicionar o produto no carrinho" library="Resources">
<kw name="Wait Until Element Is Visible" library="SeleniumLibrary">
<arg>xpath=//img[@src="http://automationpractice.com/img/p/1/1-home_default.jpg"]</arg>
<doc>Waits until the element ``locator`` is visible.</doc>
<status status="PASS" starttime="20211104 20:40:55.469" endtime="20211104 20:40:55.494"/>
</kw>
<kw name="Click Image" library="SeleniumLibrary">
<arg>xpath=//img[@src="http://automationpractice.com/img/p/1/1-home_default.jpg"]</arg>
<doc>Clicks an image identified by ``locator``.</doc>
<msg timestamp="20211104 20:40:55.495" level="INFO">Clicking image 'xpath=//img[@src="http://automationpractice.com/img/p/1/1-home_default.jpg"]'.</msg>
<status status="PASS" starttime="20211104 20:40:55.495" endtime="20211104 20:40:57.082"/>
</kw>
<kw name="Wait Until Element Is Visible" library="SeleniumLibrary">
<arg>xpath=//*[@name="Submit"]</arg>
<doc>Waits until the element ``locator`` is visible.</doc>
<status status="PASS" starttime="20211104 20:40:57.082" endtime="20211104 20:40:57.105"/>
</kw>
<kw name="Click Element" library="SeleniumLibrary">
<arg>//*[@name="Submit"]</arg>
<doc>Click the element identified by ``locator``.</doc>
<msg timestamp="20211104 20:40:57.106" level="INFO">Clicking element '//*[@name="Submit"]'.</msg>
<status status="PASS" starttime="20211104 20:40:57.106" endtime="20211104 20:40:57.149"/>
</kw>
<status status="PASS" starttime="20211104 20:40:55.469" endtime="20211104 20:40:57.149"/>
</kw>
<kw name="Então a tela de carrinhos deve ser mostrada junto com os dados e valores do produto">
<kw name="Clicar no botão &quot;Proced to checkout&quot;" library="Resources">
<kw name="Wait Until Element Is Visible" library="SeleniumLibrary">
<arg>xpath=//*[@title="Proceed to checkout"]</arg>
<doc>Waits until the element ``locator`` is visible.</doc>
<status status="PASS" starttime="20211104 20:40:57.151" endtime="20211104 20:40:58.081"/>
</kw>
<kw name="Click Element" library="SeleniumLibrary">
<arg>xpath=//*[@title="Proceed to checkout"]</arg>
<doc>Click the element identified by ``locator``.</doc>
<msg timestamp="20211104 20:40:58.082" level="INFO">Clicking element 'xpath=//*[@title="Proceed to checkout"]'.</msg>
<status status="PASS" starttime="20211104 20:40:58.081" endtime="20211104 20:40:59.386"/>
</kw>
<status status="PASS" starttime="20211104 20:40:57.150" endtime="20211104 20:40:59.387"/>
</kw>
<status status="PASS" starttime="20211104 20:40:57.150" endtime="20211104 20:40:59.387"/>
</kw>
<kw name="Fechar navegador" library="Resources" type="TEARDOWN">
<kw name="Close Browser" library="SeleniumLibrary">
<doc>Closes the current browser.</doc>
<status status="PASS" starttime="20211104 20:40:59.388" endtime="20211104 20:41:01.565"/>
</kw>
<status status="PASS" starttime="20211104 20:40:59.387" endtime="20211104 20:41:01.565"/>
</kw>
<status status="PASS" starttime="20211104 20:40:48.158" endtime="20211104 20:41:01.566"/>
</test>
<test id="s1-s1-t3" name="Cenario 05: Remover Produtos">
<kw name="Abrir navegador" library="Resources" type="SETUP">
<kw name="Open Browser" library="SeleniumLibrary">
<arg>about:blank</arg>
<arg>${BROWSER}</arg>
<doc>Opens a new browser instance to the optional ``url``.</doc>
<msg timestamp="20211104 20:41:01.569" level="INFO">Opening browser 'chrome' to base url 'about:blank'.</msg>
<status status="PASS" starttime="20211104 20:41:01.569" endtime="20211104 20:41:03.766"/>
</kw>
<status status="PASS" starttime="20211104 20:41:01.568" endtime="20211104 20:41:03.766"/>
</kw>
<kw name="Dado que estou na pagina home do site" library="Resources">
<kw name="Go To" library="SeleniumLibrary">
<arg>${URL}</arg>
<doc>Navigates the current browser window to the provided ``url``.</doc>
<msg timestamp="20211104 20:41:03.768" level="INFO">Opening url 'http://automationpractice.com/index.php'</msg>
<status status="PASS" starttime="20211104 20:41:03.767" endtime="20211104 20:41:07.787"/>
</kw>
<kw name="Title Should Be" library="SeleniumLibrary">
<arg>My Store</arg>
<doc>Verifies that the current page title equals ``title``.</doc>
<msg timestamp="20211104 20:41:07.792" level="INFO">Page title is 'My Store'.</msg>
<status status="PASS" starttime="20211104 20:41:07.787" endtime="20211104 20:41:07.793"/>
</kw>
<status status="PASS" starttime="20211104 20:41:03.767" endtime="20211104 20:41:07.793"/>
</kw>
<kw name="E existe um produto &quot;t-shirt&quot; adicionado no carrinho" sourcename="E existe um produto &quot;${PRODUTO}&quot; adicionado no carrinho">
<kw name="Quando pesquisar pelo produto &quot;${PRODUTO}&quot;" library="Resources" sourcename="Quando pesquisar pelo produto &quot;${PRODUTO}&quot;">
<kw name="Input Text" library="SeleniumLibrary">
<arg>name=search_query</arg>
<arg>${PRODUTO}</arg>
<doc>Types the given ``text`` into the text field identified by ``locator``.</doc>
<msg timestamp="20211104 20:41:07.796" level="INFO">Typing text 't-shirt' into text field 'name=search_query'.</msg>
<status status="PASS" starttime="20211104 20:41:07.796" endtime="20211104 20:41:07.892"/>
</kw>
<kw name="Click Element" library="SeleniumLibrary">
<arg>name=submit_search</arg>
<doc>Click the element identified by ``locator``.</doc>
<msg timestamp="20211104 20:41:07.893" level="INFO">Clicking element 'name=submit_search'.</msg>
<status status="PASS" starttime="20211104 20:41:07.893" endtime="20211104 20:41:10.134"/>
</kw>
<status status="PASS" starttime="20211104 20:41:07.794" endtime="20211104 20:41:10.134"/>
</kw>
<kw name="E adicionar o produto no carrinho" library="Resources">
<kw name="Wait Until Element Is Visible" library="SeleniumLibrary">
<arg>xpath=//img[@src="http://automationpractice.com/img/p/1/1-home_default.jpg"]</arg>
<doc>Waits until the element ``locator`` is visible.</doc>
<status status="PASS" starttime="20211104 20:41:10.135" endtime="20211104 20:41:10.160"/>
</kw>
<kw name="Click Image" library="SeleniumLibrary">
<arg>xpath=//img[@src="http://automationpractice.com/img/p/1/1-home_default.jpg"]</arg>
<doc>Clicks an image identified by ``locator``.</doc>
<msg timestamp="20211104 20:41:10.160" level="INFO">Clicking image 'xpath=//img[@src="http://automationpractice.com/img/p/1/1-home_default.jpg"]'.</msg>
<status status="PASS" starttime="20211104 20:41:10.160" endtime="20211104 20:41:11.870"/>
</kw>
<kw name="Wait Until Element Is Visible" library="SeleniumLibrary">
<arg>xpath=//*[@name="Submit"]</arg>
<doc>Waits until the element ``locator`` is visible.</doc>
<status status="PASS" starttime="20211104 20:41:11.870" endtime="20211104 20:41:11.894"/>
</kw>
<kw name="Click Element" library="SeleniumLibrary">
<arg>//*[@name="Submit"]</arg>
<doc>Click the element identified by ``locator``.</doc>
<msg timestamp="20211104 20:41:11.894" level="INFO">Clicking element '//*[@name="Submit"]'.</msg>
<status status="PASS" starttime="20211104 20:41:11.894" endtime="20211104 20:41:11.940"/>
</kw>
<status status="PASS" starttime="20211104 20:41:10.134" endtime="20211104 20:41:11.940"/>
</kw>
<kw name="Clicar no botão &quot;Proced to checkout&quot;" library="Resources">
<kw name="Wait Until Element Is Visible" library="SeleniumLibrary">
<arg>xpath=//*[@title="Proceed to checkout"]</arg>
<doc>Waits until the element ``locator`` is visible.</doc>
<status status="PASS" starttime="20211104 20:41:11.941" endtime="20211104 20:41:12.845"/>
</kw>
<kw name="Click Element" library="SeleniumLibrary">
<arg>xpath=//*[@title="Proceed to checkout"]</arg>
<doc>Click the element identified by ``locator``.</doc>
<msg timestamp="20211104 20:41:12.846" level="INFO">Clicking element 'xpath=//*[@title="Proceed to checkout"]'.</msg>
<status status="PASS" starttime="20211104 20:41:12.845" endtime="20211104 20:41:14.253"/>
</kw>
<status status="PASS" starttime="20211104 20:41:11.940" endtime="20211104 20:41:14.253"/>
</kw>
<status status="PASS" starttime="20211104 20:41:07.793" endtime="20211104 20:41:14.253"/>
</kw>
<kw name="Quando excluo o produto do carrinho">
<kw name="Excluir produto do carrinho" library="Resources">
<kw name="Wait Until Element Is Visible" library="SeleniumLibrary">
<arg>xpath=//*[@class="icon-trash"]</arg>
<doc>Waits until the element ``locator`` is visible.</doc>
<status status="PASS" starttime="20211104 20:41:14.255" endtime="20211104 20:41:14.286"/>
</kw>
<kw name="Click Element" library="SeleniumLibrary">
<arg>xpath=//*[@class="icon-trash"]</arg>
<doc>Click the element identified by ``locator``.</doc>
<msg timestamp="20211104 20:41:14.286" level="INFO">Clicking element 'xpath=//*[@class="icon-trash"]'.</msg>
<status status="PASS" starttime="20211104 20:41:14.286" endtime="20211104 20:41:14.332"/>
</kw>
<status status="PASS" starttime="20211104 20:41:14.254" endtime="20211104 20:41:14.332"/>
</kw>
<status status="PASS" starttime="20211104 20:41:14.254" endtime="20211104 20:41:14.332"/>
</kw>
<kw name="Então deve exibir a mensagem &quot;Your shopping cart is empty.&quot;" sourcename="Então deve exibir a mensagem &quot;${MENSAGEM}&quot;">
<kw name="Conferir mensagem &quot;${MENSAGEM}&quot;" library="Resources" sourcename="Conferir mensagem &quot;${MENSAGEM}&quot;">
<kw name="Wait Until Element Is Visible" library="SeleniumLibrary">
<arg>xpath=//*[text()="Your shopping cart is empty."]</arg>
<doc>Waits until the element ``locator`` is visible.</doc>
<status status="PASS" starttime="20211104 20:41:14.334" endtime="20211104 20:41:16.180"/>
</kw>
<kw name="Element Text Should Be" library="SeleniumLibrary">
<arg>//*[text()="Your shopping cart is empty."]</arg>
<arg>${MENSAGEM}</arg>
<doc>Verifies that element ``locator`` contains exact the text ``expected``.</doc>
<msg timestamp="20211104 20:41:16.180" level="INFO">Verifying element '//*[text()="Your shopping cart is empty."]' contains exact text 'Your shopping cart is empty.'.</msg>
<status status="PASS" starttime="20211104 20:41:16.180" endtime="20211104 20:41:16.198"/>
</kw>
<status status="PASS" starttime="20211104 20:41:14.334" endtime="20211104 20:41:16.198"/>
</kw>
<status status="PASS" starttime="20211104 20:41:14.333" endtime="20211104 20:41:16.198"/>
</kw>
<kw name="Fechar navegador" library="Resources" type="TEARDOWN">
<kw name="Close Browser" library="SeleniumLibrary">
<doc>Closes the current browser.</doc>
<status status="PASS" starttime="20211104 20:41:16.200" endtime="20211104 20:41:18.386"/>
</kw>
<status status="PASS" starttime="20211104 20:41:16.198" endtime="20211104 20:41:18.386"/>
</kw>
<status status="PASS" starttime="20211104 20:41:01.567" endtime="20211104 20:41:18.387"/>
</test>
<test id="s1-s1-t4" name="Cenario 06: Adicionar Cliente">
<kw name="Abrir navegador" library="Resources" type="SETUP">
<kw name="Open Browser" library="SeleniumLibrary">
<arg>about:blank</arg>
<arg>${BROWSER}</arg>
<doc>Opens a new browser instance to the optional ``url``.</doc>
<msg timestamp="20211104 20:41:18.390" level="INFO">Opening browser 'chrome' to base url 'about:blank'.</msg>
<status status="PASS" starttime="20211104 20:41:18.390" endtime="20211104 20:41:19.745"/>
</kw>
<status status="PASS" starttime="20211104 20:41:18.389" endtime="20211104 20:41:19.745"/>
</kw>
<kw name="Dado que estou na pagina home do site" library="Resources">
<kw name="Go To" library="SeleniumLibrary">
<arg>${URL}</arg>
<doc>Navigates the current browser window to the provided ``url``.</doc>
<msg timestamp="20211104 20:41:19.747" level="INFO">Opening url 'http://automationpractice.com/index.php'</msg>
<status status="PASS" starttime="20211104 20:41:19.747" endtime="20211104 20:41:23.785"/>
</kw>
<kw name="Title Should Be" library="SeleniumLibrary">
<arg>My Store</arg>
<doc>Verifies that the current page title equals ``title``.</doc>
<msg timestamp="20211104 20:41:23.790" level="INFO">Page title is 'My Store'.</msg>
<status status="PASS" starttime="20211104 20:41:23.785" endtime="20211104 20:41:23.790"/>
</kw>
<status status="PASS" starttime="20211104 20:41:19.746" endtime="20211104 20:41:23.790"/>
</kw>
<kw name="Quando eu solicitar para fazer o cadastro de novo cliente">
<kw name="Clicar no &quot;Sign in&quot;" library="Resources">
<kw name="Wait Until Element Is Visible" library="SeleniumLibrary">
<arg>xpath=//*[@class="login"]</arg>
<doc>Waits until the element ``locator`` is visible.</doc>
<status status="PASS" starttime="20211104 20:41:23.791" endtime="20211104 20:41:23.820"/>
</kw>
<kw name="Click Element" library="SeleniumLibrary">
<arg>//*[@class="login"]</arg>
<doc>Click the element identified by ``locator``.</doc>
<msg timestamp="20211104 20:41:23.821" level="INFO">Clicking element '//*[@class="login"]'.</msg>
<status status="PASS" starttime="20211104 20:41:23.820" endtime="20211104 20:41:25.756"/>
</kw>
<status status="PASS" starttime="20211104 20:41:23.791" endtime="20211104 20:41:25.757"/>
</kw>
<kw name="Preencher o email" library="Resources">
<kw name="Wait Until Element Is Visible" library="SeleniumLibrary">
<arg>xpath=//*[@id="email_create"]</arg>
<doc>Waits until the element ``locator`` is visible.</doc>
<status status="PASS" starttime="20211104 20:41:25.757" endtime="20211104 20:41:25.785"/>
</kw>
<kw name="Input Text" library="SeleniumLibrary">
<arg>xpath=//*[@id="email_create"]</arg>
<arg>xa1129@uorak.com</arg>
<doc>Types the given ``text`` into the text field identified by ``locator``.</doc>
<msg timestamp="20211104 20:41:25.786" level="INFO">Typing text 'xa1129@uorak.com' into text field 'xpath=//*[@id="email_create"]'.</msg>
<status status="PASS" starttime="20211104 20:41:25.786" endtime="20211104 20:41:25.876"/>
</kw>
<kw name="Click Element" library="SeleniumLibrary">
<arg>xpath=//*[@id="SubmitCreate"]</arg>
<doc>Click the element identified by ``locator``.</doc>
<msg timestamp="20211104 20:41:25.877" level="INFO">Clicking element 'xpath=//*[@id="SubmitCreate"]'.</msg>
<status status="PASS" starttime="20211104 20:41:25.877" endtime="20211104 20:41:25.931"/>
</kw>
<status status="PASS" starttime="20211104 20:41:25.757" endtime="20211104 20:41:25.931"/>
</kw>
<kw name="Preencher campos de cadastro" library="Resources">
<kw name="Wait Until Element Is Visible" library="SeleniumLibrary">
<arg>xpath=//*[text()="Your personal information"]</arg>
<doc>Waits until the element ``locator`` is visible.</doc>
<status status="PASS" starttime="20211104 20:41:25.932" endtime="20211104 20:41:27.286"/>
</kw>
<kw name="Click Element" library="SeleniumLibrary">
<arg>xpath=//*[@id="id_gender1"]</arg>
<doc>Click the element identified by ``locator``.</doc>
<msg timestamp="20211104 20:41:27.287" level="INFO">Clicking element 'xpath=//*[@id="id_gender1"]'.</msg>
<status status="PASS" starttime="20211104 20:41:27.286" endtime="20211104 20:41:27.338"/>
</kw>
<kw name="Input Text" library="SeleniumLibrary">
<arg>xpath=//*[@id="customer_firstname"]</arg>
<arg>Beiwu</arg>
<doc>Types the given ``text`` into the text field identified by ``locator``.</doc>
<msg timestamp="20211104 20:41:27.339" level="INFO">Typing text 'Beiwu' into text field 'xpath=//*[@id="customer_firstname"]'.</msg>
<status status="PASS" starttime="20211104 20:41:27.338" endtime="20211104 20:41:27.436"/>
</kw>
<kw name="Input Text" library="SeleniumLibrary">
<arg>xpath=//*[@id="customer_lastname"]</arg>
<arg>Caisl</arg>
<doc>Types the given ``text`` into the text field identified by ``locator``.</doc>
<msg timestamp="20211104 20:41:27.436" level="INFO">Typing text 'Caisl' into text field 'xpath=//*[@id="customer_lastname"]'.</msg>
<status status="PASS" starttime="20211104 20:41:27.436" endtime="20211104 20:41:27.571"/>
</kw>
<kw name="Input Text" library="SeleniumLibrary">
<arg>xpath=//*[@id="passwd"]</arg>
<arg>guaHNpnk</arg>
<doc>Types the given ``text`` into the text field identified by ``locator``.</doc>
<msg timestamp="20211104 20:41:27.571" level="INFO">Typing text 'guaHNpnk' into text field 'xpath=//*[@id="passwd"]'.</msg>
<status status="PASS" starttime="20211104 20:41:27.571" endtime="20211104 20:41:27.658"/>
</kw>
<kw name="Set Focus To Element" library="SeleniumLibrary">
<arg>xpath=//*[@id="days"]</arg>
<doc>Sets the focus to the element identified by ``locator``.</doc>
<status status="PASS" starttime="20211104 20:41:27.658" endtime="20211104 20:41:27.678"/>
</kw>
<kw name="Wait Until Element Is Visible" library="SeleniumLibrary">
<arg>xpath=//*[@id="days"]</arg>
<doc>Waits until the element ``locator`` is visible.</doc>
<status status="PASS" starttime="20211104 20:41:27.678" endtime="20211104 20:41:27.700"/>
</kw>
<kw name="Select From List By Index" library="SeleniumLibrary">
<arg>xpath=//*[@id="days"]</arg>
<arg>27</arg>
<doc>Selects options from selection list ``locator`` by ``indexes``.</doc>
<msg timestamp="20211104 20:41:27.701" level="INFO">Selecting options from selection list 'xpath=//*[@id="days"]' by index 27.</msg>
<status status="PASS" starttime="20211104 20:41:27.700" endtime="20211104 20:41:28.055"/>
</kw>
<kw name="Set Focus To Element" library="SeleniumLibrary">
<arg>xpath=//*[@id="months"]</arg>
<doc>Sets the focus to the element identified by ``locator``.</doc>
<status status="PASS" starttime="20211104 20:41:28.055" endtime="20211104 20:41:28.074"/>
</kw>
<kw name="Select From List By Value" library="SeleniumLibrary">
<arg>xpath=//*[@id="months"]</arg>
<arg>3</arg>
<doc>Selects options from selection list ``locator`` by ``values``.</doc>
<msg timestamp="20211104 20:41:28.074" level="INFO">Selecting options from selection list 'xpath=//*[@id="months"]' by value 3.</msg>
<status status="PASS" starttime="20211104 20:41:28.074" endtime="20211104 20:41:28.127"/>
</kw>
<kw name="Set Focus To Element" library="SeleniumLibrary">
<arg>xpath=//*[@id="years"]</arg>
<doc>Sets the focus to the element identified by ``locator``.</doc>
<status status="PASS" starttime="20211104 20:41:28.127" endtime="20211104 20:41:28.143"/>
</kw>
<kw name="Select From List By Value" library="SeleniumLibrary">
<arg>xpath=//*[@id="years"]</arg>
<arg>1991</arg>
<doc>Selects options from selection list ``locator`` by ``values``.</doc>
<msg timestamp="20211104 20:41:28.144" level="INFO">Selecting options from selection list 'xpath=//*[@id="years"]' by value 1991.</msg>
<status status="PASS" starttime="20211104 20:41:28.144" endtime="20211104 20:41:28.200"/>
</kw>
<kw name="Click Element" library="SeleniumLibrary">
<arg>xpath=//*[@id="newsletter"]</arg>
<doc>Click the element identified by ``locator``.</doc>
<msg timestamp="20211104 20:41:28.200" level="INFO">Clicking element 'xpath=//*[@id="newsletter"]'.</msg>
<status status="PASS" starttime="20211104 20:41:28.200" endtime="20211104 20:41:28.245"/>
</kw>
<kw name="Set Focus To Element" library="SeleniumLibrary">
<arg>xpath=//*[@id="id_state"]</arg>
<doc>Sets the focus to the element identified by ``locator``.</doc>
<status status="PASS" starttime="20211104 20:41:28.246" endtime="20211104 20:41:28.267"/>
</kw>
<kw name="Select From List By Value" library="SeleniumLibrary">
<arg>xpath=//*[@id="id_state"]</arg>
<arg>2</arg>
<doc>Selects options from selection list ``locator`` by ``values``.</doc>
<msg timestamp="20211104 20:41:28.268" level="INFO">Selecting options from selection list 'xpath=//*[@id="id_state"]' by value 2.</msg>
<status status="PASS" starttime="20211104 20:41:28.267" endtime="20211104 20:41:28.335"/>
</kw>
<kw name="Input Text" library="SeleniumLibrary">
<arg>xpath=//*[@id="address1"]</arg>
<arg>Rua Sírius</arg>
<doc>Types the given ``text`` into the text field identified by ``locator``.</doc>
<msg timestamp="20211104 20:41:28.335" level="INFO">Typing text 'Rua Sírius' into text field 'xpath=//*[@id="address1"]'.</msg>
<status status="PASS" starttime="20211104 20:41:28.335" endtime="20211104 20:41:28.422"/>
</kw>
<kw name="Input Text" library="SeleniumLibrary">
<arg>xpath=//*[@id="city"]</arg>
<arg>Goiânia</arg>
<doc>Types the given ``text`` into the text field identified by ``locator``.</doc>
<msg timestamp="20211104 20:41:28.422" level="INFO">Typing text 'Goiânia' into text field 'xpath=//*[@id="city"]'.</msg>
<status status="PASS" starttime="20211104 20:41:28.422" endtime="20211104 20:41:28.505"/>
</kw>
<kw name="Input Text" library="SeleniumLibrary">
<arg>xpath=//*[@id="postcode"]</arg>
<arg>00000</arg>
<doc>Types the given ``text`` into the text field identified by ``locator``.</doc>
<msg timestamp="20211104 20:41:28.505" level="INFO">Typing text '00000' into text field 'xpath=//*[@id="postcode"]'.</msg>
<status status="PASS" starttime="20211104 20:41:28.505" endtime="20211104 20:41:28.596"/>
</kw>
<kw name="Input Text" library="SeleniumLibrary">
<arg>xpath=//*[@id="phone_mobile"]</arg>
<arg>(19) 97084-8339</arg>
<doc>Types the given ``text`` into the text field identified by ``locator``.</doc>
<msg timestamp="20211104 20:41:28.597" level="INFO">Typing text '(19) 97084-8339' into text field 'xpath=//*[@id="phone_mobile"]'.</msg>
<status status="PASS" starttime="20211104 20:41:28.596" endtime="20211104 20:41:28.693"/>
</kw>
<status status="PASS" starttime="20211104 20:41:25.931" endtime="20211104 20:41:28.693"/>
</kw>
<kw name="Clicar &quot;Register&quot;" library="Resources">
<kw name="Click Element" library="SeleniumLibrary">
<arg>xpath=//button[@id="submitAccount"]</arg>
<doc>Click the element identified by ``locator``.</doc>
<msg timestamp="20211104 20:41:28.693" level="INFO">Clicking element 'xpath=//button[@id="submitAccount"]'.</msg>
<status status="PASS" starttime="20211104 20:41:28.693" endtime="20211104 20:41:30.715"/>
</kw>
<status status="PASS" starttime="20211104 20:41:28.693" endtime="20211104 20:41:30.715"/>
</kw>
<status status="PASS" starttime="20211104 20:41:23.791" endtime="20211104 20:41:30.715"/>
</kw>
<kw name="Então o cadastro deve ser efetuado com sucesso">
<kw name="Confirmar registro" library="Resources">
<kw name="Wait Until Element Is Visible" library="SeleniumLibrary">
<arg>xpath=//h1[text()="My account"]</arg>
<doc>Waits until the element ``locator`` is visible.</doc>
<status status="PASS" starttime="20211104 20:41:30.717" endtime="20211104 20:41:30.743"/>
</kw>
<kw name="Element Text Should Be" library="SeleniumLibrary">
<arg>xpath=//h1[text()="My account"]</arg>
<arg>MY ACCOUNT</arg>
<doc>Verifies that element ``locator`` contains exact the text ``expected``.</doc>
<msg timestamp="20211104 20:41:30.743" level="INFO">Verifying element 'xpath=//h1[text()="My account"]' contains exact text 'MY ACCOUNT'.</msg>
<status status="PASS" starttime="20211104 20:41:30.743" endtime="20211104 20:41:30.765"/>
</kw>
<status status="PASS" starttime="20211104 20:41:30.717" endtime="20211104 20:41:30.765"/>
</kw>
<status status="PASS" starttime="20211104 20:41:30.716" endtime="20211104 20:41:30.765"/>
</kw>
<kw name="Fechar navegador" library="Resources" type="TEARDOWN">
<kw name="Close Browser" library="SeleniumLibrary">
<doc>Closes the current browser.</doc>
<status status="PASS" starttime="20211104 20:41:30.766" endtime="20211104 20:41:33.091"/>
</kw>
<status status="PASS" starttime="20211104 20:41:30.766" endtime="20211104 20:41:33.091"/>
</kw>
<status status="PASS" starttime="20211104 20:41:18.388" endtime="20211104 20:41:33.092"/>
</test>
<status status="PASS" starttime="20211104 20:40:37.901" endtime="20211104 20:41:33.094"/>
</suite>
<status status="PASS" starttime="20211104 20:40:37.866" endtime="20211104 20:41:33.098"/>
</suite>
<statistics>
<total>
<stat pass="4" fail="0" skip="0">All Tests</stat>
</total>
<tag>
</tag>
<suite>
<stat pass="4" fail="0" skip="0" id="s1" name="Tests">Tests</stat>
<stat pass="4" fail="0" skip="0" id="s1-s1" name="TestPracticeBDD">Tests.TestPracticeBDD</stat>
</suite>
</statistics>
<errors>
</errors>
</robot>
