<?xml version="1.0" encoding="UTF-8"?>
<robot generator="Robot 4.1.2 (Python 3.10.0 on win32)" generated="20211020 15:13:44.924" rpa="false" schemaversion="2">
<suite id="s1" name="TestPracticeBDD" source="C:\Users\graci\OneDrive\Documentos\UDEMY\Robot\DesafioSuiteTestePratice\tests\TestPracticeBDD.robot">
<test id="s1-t1" name="Caso de Teste 03: Listar Produtos">
<kw name="Abrir navegador" library="Resources" type="SETUP">
<kw name="Open Browser" library="SeleniumLibrary">
<arg>about:blank</arg>
<arg>${BROWSER}</arg>
<doc>Opens a new browser instance to the optional ``url``.</doc>
<msg timestamp="20211020 15:13:45.186" level="INFO">Opening browser 'chrome' to base url 'about:blank'.</msg>
<status status="PASS" starttime="20211020 15:13:45.186" endtime="20211020 15:13:46.480"/>
</kw>
<status status="PASS" starttime="20211020 15:13:45.186" endtime="20211020 15:13:46.480"/>
</kw>
<kw name="Dado que estou na pagina home do site" library="Resources">
<kw name="Go To" library="SeleniumLibrary">
<arg>${URL}</arg>
<doc>Navigates the current browser window to the provided ``url``.</doc>
<msg timestamp="20211020 15:13:46.483" level="INFO">Opening url 'http://automationpractice.com/index.php'</msg>
<status status="PASS" starttime="20211020 15:13:46.483" endtime="20211020 15:13:53.576"/>
</kw>
<kw name="Title Should Be" library="SeleniumLibrary">
<arg>My Store</arg>
<doc>Verifies that the current page title equals ``title``.</doc>
<msg timestamp="20211020 15:13:53.583" level="INFO">Page title is 'My Store'.</msg>
<status status="PASS" starttime="20211020 15:13:53.576" endtime="20211020 15:13:53.583"/>
</kw>
<status status="PASS" starttime="20211020 15:13:46.482" endtime="20211020 15:13:53.583"/>
</kw>
<kw name="Quando acessar a categoria &quot;Women&quot;" library="Resources" sourcename="Quando acessar a categoria &quot;${CATEGORIA}&quot;">
<kw name="Wait Until Element Is Visible" library="SeleniumLibrary">
<arg>xpath=//*[@id="block_top_menu"]//a[@title="${CATEGORIA}"]</arg>
<doc>Waits until the element ``locator`` is visible.</doc>
<status status="PASS" starttime="20211020 15:13:53.584" endtime="20211020 15:13:53.619"/>
</kw>
<kw name="Mouse Over" library="SeleniumLibrary">
<arg>xpath=//*[@id="block_top_menu"]//a[@title="${CATEGORIA}"]</arg>
<doc>Simulates hovering the mouse over the element ``locator``.</doc>
<msg timestamp="20211020 15:13:53.620" level="INFO">Simulating Mouse Over on element 'xpath=//*[@id="block_top_menu"]//a[@title="Women"]'.</msg>
<status status="PASS" starttime="20211020 15:13:53.619" endtime="20211020 15:13:53.918"/>
</kw>
<status status="PASS" starttime="20211020 15:13:53.584" endtime="20211020 15:13:53.919"/>
</kw>
<kw name="Fechar navegador" library="Resources" type="TEARDOWN">
<kw name="Close Browser" library="SeleniumLibrary">
<doc>Closes the current browser.</doc>
<status status="PASS" starttime="20211020 15:13:53.920" endtime="20211020 15:13:56.037"/>
</kw>
<status status="PASS" starttime="20211020 15:13:53.919" endtime="20211020 15:13:56.037"/>
</kw>
<status status="PASS" starttime="20211020 15:13:45.186" endtime="20211020 15:13:56.037"/>
</test>
<status status="PASS" starttime="20211020 15:13:44.924" endtime="20211020 15:13:56.046"/>
</suite>
<statistics>
<total>
<stat pass="1" fail="0" skip="0">All Tests</stat>
</total>
<tag>
</tag>
<suite>
<stat pass="1" fail="0" skip="0" id="s1" name="TestPracticeBDD">TestPracticeBDD</stat>
</suite>
</statistics>
<errors>
</errors>
</robot>
